Grammar

    0 $accept: E $end

    1 E: T

    2 T: T '+' T
    3  | T '-' T
    4  | T '*' T
    5  | T '/' T
    6  | '-' NUMBER
    7  | '-' ID
    8  | '(' T ')'
    9  | NUMBER
   10  | ID


Terminals, with rules where they appear

    $end (0) 0
    '(' (40) 8
    ')' (41) 8
    '*' (42) 4
    '+' (43) 2
    '-' (45) 3 6 7
    '/' (47) 5
    error (256)
    NUMBER (258) 6 9
    ID (259) 7 10


Nonterminals, with rules where they appear

    $accept (11)
        on left: 0
    E (12)
        on left: 1
        on right: 0
    T (13)
        on left: 2 3 4 5 6 7 8 9 10
        on right: 1 2 3 4 5 8


State 0

    0 $accept: • E $end

    NUMBER  shift, and go to state 1
    ID      shift, and go to state 2
    '-'     shift, and go to state 3
    '('     shift, and go to state 4

    E  go to state 5
    T  go to state 6


State 1

    9 T: NUMBER •

    $default  reduce using rule 9 (T)


State 2

   10 T: ID •

    $default  reduce using rule 10 (T)


State 3

    6 T: '-' • NUMBER
    7  | '-' • ID

    NUMBER  shift, and go to state 7
    ID      shift, and go to state 8


State 4

    8 T: '(' • T ')'

    NUMBER  shift, and go to state 1
    ID      shift, and go to state 2
    '-'     shift, and go to state 3
    '('     shift, and go to state 4

    T  go to state 9


State 5

    0 $accept: E • $end

    $end  shift, and go to state 10


State 6

    1 E: T •
    2 T: T • '+' T
    3  | T • '-' T
    4  | T • '*' T
    5  | T • '/' T

    '+'  shift, and go to state 11
    '-'  shift, and go to state 12
    '*'  shift, and go to state 13
    '/'  shift, and go to state 14

    $default  reduce using rule 1 (E)


State 7

    6 T: '-' NUMBER •

    $default  reduce using rule 6 (T)


State 8

    7 T: '-' ID •

    $default  reduce using rule 7 (T)


State 9

    2 T: T • '+' T
    3  | T • '-' T
    4  | T • '*' T
    5  | T • '/' T
    8  | '(' T • ')'

    '+'  shift, and go to state 11
    '-'  shift, and go to state 12
    '*'  shift, and go to state 13
    '/'  shift, and go to state 14
    ')'  shift, and go to state 15


State 10

    0 $accept: E $end •

    $default  accept


State 11

    2 T: T '+' • T

    NUMBER  shift, and go to state 1
    ID      shift, and go to state 2
    '-'     shift, and go to state 3
    '('     shift, and go to state 4

    T  go to state 16


State 12

    3 T: T '-' • T

    NUMBER  shift, and go to state 1
    ID      shift, and go to state 2
    '-'     shift, and go to state 3
    '('     shift, and go to state 4

    T  go to state 17


State 13

    4 T: T '*' • T

    NUMBER  shift, and go to state 1
    ID      shift, and go to state 2
    '-'     shift, and go to state 3
    '('     shift, and go to state 4

    T  go to state 18


State 14

    5 T: T '/' • T

    NUMBER  shift, and go to state 1
    ID      shift, and go to state 2
    '-'     shift, and go to state 3
    '('     shift, and go to state 4

    T  go to state 19


State 15

    8 T: '(' T ')' •

    $default  reduce using rule 8 (T)


State 16

    2 T: T • '+' T
    2  | T '+' T •
    3  | T • '-' T
    4  | T • '*' T
    5  | T • '/' T

    '*'  shift, and go to state 13
    '/'  shift, and go to state 14

    $default  reduce using rule 2 (T)


State 17

    2 T: T • '+' T
    3  | T • '-' T
    3  | T '-' T •
    4  | T • '*' T
    5  | T • '/' T

    '*'  shift, and go to state 13
    '/'  shift, and go to state 14

    $default  reduce using rule 3 (T)


State 18

    2 T: T • '+' T
    3  | T • '-' T
    4  | T • '*' T
    4  | T '*' T •
    5  | T • '/' T

    $default  reduce using rule 4 (T)


State 19

    2 T: T • '+' T
    3  | T • '-' T
    4  | T • '*' T
    5  | T • '/' T
    5  | T '/' T •

    $default  reduce using rule 5 (T)
